<?xml version="1.0" encoding="UTF-8"?>
<!-- Generated by org.testng.reporters.JUnitReportReporter -->
<testsuite skipped="0" hostname="rbikmukhametov-pc" name="MainTest" tests="2" failures="0" timestamp="14 мая 2019 08:37:23 GMT" time="11.922" errors="0">
  <testcase name="testOpenPageGoogle" time="6.644" classname="MainTest"/>
  <testcase name="testOpenPageYandex" time="5.278" classname="MainTest"/>
</testsuite> <!-- MainTest -->
